mode: atomic
github.com/herlon214/nordvpn/nordvpn.go:19.61,27.2 1 1
github.com/herlon214/nordvpn/nordvpn.go:29.55,31.2 1 1
github.com/herlon214/nordvpn/nordvpn.go:33.38,34.12 1 0
github.com/herlon214/nordvpn/nordvpn.go:34.12,35.7 1 0
github.com/herlon214/nordvpn/nordvpn.go:35.7,36.11 1 0
github.com/herlon214/nordvpn/nordvpn.go:37.34,38.20 1 0
github.com/herlon214/nordvpn/nordvpn.go:38.20,40.20 2 0
github.com/herlon214/nordvpn/nordvpn.go:40.20,42.7 1 0
github.com/herlon214/nordvpn/nordvpn.go:49.41,51.16 2 1
github.com/herlon214/nordvpn/nordvpn.go:56.2,57.16 2 1
github.com/herlon214/nordvpn/nordvpn.go:61.2,65.16 4 1
github.com/herlon214/nordvpn/nordvpn.go:71.2,71.26 1 1
github.com/herlon214/nordvpn/nordvpn.go:75.2,78.12 3 1
github.com/herlon214/nordvpn/nordvpn.go:51.16,54.3 2 0
github.com/herlon214/nordvpn/nordvpn.go:57.16,60.3 2 0
github.com/herlon214/nordvpn/nordvpn.go:65.16,68.3 2 0
github.com/herlon214/nordvpn/nordvpn.go:71.26,73.3 1 1
github.com/herlon214/nordvpn/nordvpn.go:81.34,82.17 1 1
github.com/herlon214/nordvpn/nordvpn.go:86.2,86.18 1 1
github.com/herlon214/nordvpn/nordvpn.go:82.17,84.3 1 0
github.com/herlon214/nordvpn/nordvpn.go:90.34,94.2 2 1
github.com/herlon214/nordvpn/operator.go:11.52,12.41 1 2
github.com/herlon214/nordvpn/operator.go:12.41,13.36 1 2
github.com/herlon214/nordvpn/operator.go:17.3,17.17 1 2
github.com/herlon214/nordvpn/operator.go:13.36,15.4 1 6
github.com/herlon214/nordvpn/operator.go:21.30,22.41 1 3
github.com/herlon214/nordvpn/operator.go:22.41,25.34 2 3
github.com/herlon214/nordvpn/operator.go:31.3,31.16 1 3
github.com/herlon214/nordvpn/operator.go:25.34,26.33 1 5226
github.com/herlon214/nordvpn/operator.go:26.33,28.5 1 5224
github.com/herlon214/nordvpn/operator.go:36.58,41.41 3 2
github.com/herlon214/nordvpn/operator.go:41.41,44.34 2 2
github.com/herlon214/nordvpn/operator.go:53.3,53.18 1 2
github.com/herlon214/nordvpn/operator.go:44.34,45.45 1 6
github.com/herlon214/nordvpn/operator.go:45.45,46.72 1 12
github.com/herlon214/nordvpn/operator.go:46.72,48.6 1 4
github.com/herlon214/nordvpn/operator.go:57.44,58.41 1 3
github.com/herlon214/nordvpn/operator.go:58.41,61.34 2 3
github.com/herlon214/nordvpn/operator.go:69.3,69.18 1 3
github.com/herlon214/nordvpn/operator.go:61.34,62.46 1 5226
github.com/herlon214/nordvpn/operator.go:62.46,63.38 1 5226
github.com/herlon214/nordvpn/operator.go:63.38,65.6 1 25
github.com/herlon214/nordvpn/operator.go:73.31,74.41 1 2
github.com/herlon214/nordvpn/operator.go:74.41,75.53 1 2
github.com/herlon214/nordvpn/operator.go:80.3,80.17 1 2
github.com/herlon214/nordvpn/operator.go:75.53,78.4 1 90
github.com/herlon214/nordvpn/operator.go:85.32,86.41 1 1
github.com/herlon214/nordvpn/operator.go:86.41,87.53 1 1
github.com/herlon214/nordvpn/operator.go:92.3,92.17 1 1
github.com/herlon214/nordvpn/operator.go:87.53,90.4 1 5
